<?xml version="1.0" encoding="UTF-8"?>
<!-- Generated by org.testng.reporters.JUnitXMLReporter -->
<testsuite ignored="0" hostname="LAPTOP-AQ7KQFGQ" failures="0" tests="5" name="Surefire test" time="8.053" errors="0" timestamp="2024-12-07T20:37:42 WIB">
  <testcase classname="scenarios.productTest" name="AddNewProduct" time="3.528"/>
  <testcase classname="scenarios.productTest" name="GetAllObjects" time="0.873"/>
  <testcase classname="scenarios.productTest" name="UpdateProduct" time="0.785"/>
  <testcase classname="scenarios.productTest" name="DeleteProduct" time="1.308"/>
  <testcase classname="scenarios.productTest" name="GetASingleProduct" time="0.883"/>
</testsuite> <!-- Surefire test -->
