<?xml version="1.0" encoding="UTF-8"?>
<testsuite xmlns:xsi="http://www.w3.org/2001/XMLSchema-instance" xsi:noNamespaceSchemaLocation="https://maven.apache.org/surefire/maven-surefire-plugin/xsd/surefire-test-report-3.0.xsd" version="3.0" name="scenarios.productTest" time="8.432" tests="5" errors="0" skipped="0" failures="0">
  <properties>
[...]
</properties>
  <testcase name="AddNewProduct" classname="scenarios.productTest" time="3.529">
    <system-out><![CDATA[Request URI:	https://dummyjson.com/products/add
]]></system-out>
  </testcase>
  <testcase name="GetAllObjects" classname="scenarios.productTest" time="0.865">
    <system-out><![CDATA[Request URI:	https://dummyjson.com/products
]]></system-out>
  </testcase>
  <testcase name="UpdateProduct" classname="scenarios.productTest" time="0.784">
    <system-out><![CDATA[Request URI:	https://dummyjson.com/products/1
]]></system-out>
  </testcase>
  <testcase name="DeleteProduct" classname="scenarios.productTest" time="1.308">
    <system-out><![CDATA[Request URI:	https://dummyjson.com/products/1
]]></system-out>
  </testcase>
  <testcase name="GetASingleProduct" classname="scenarios.productTest" time="0.883">
    <system-out><![CDATA[Request URI:	https://dummyjson.com/products/195
]]></system-out>
  </testcase>
</testsuite>